<?xml version="1.0" encoding="UTF-8"?>
<!-- Generated by org.testng.reporters.JUnitReportReporter -->
<testsuite skipped="0" hostname="kk-PC" name="test.A" tests="1" failures="0" timestamp="19 Jul 2017 12:07:34 GMT" time="33.971" errors="0">
  <testcase name="tc_01" time="33.971" classname="test.A"/>
</testsuite> <!-- test.A -->
